
10/07/2021 07:54:18 PM Starting new HTTPS connection (1): www.whoisxmlapi.com:443
10/07/2021 07:54:19 PM https://www.whoisxmlapi.com:443 "GET /whoisserver/WhoisService?apiKey=at_60Qke8D52PBcImwD9FqqiBJXZ7mkl&domainName=www.buildarat.com&outputFormat=json&da=0&ip=0&ipWhois=0&thinWhois=0&preferFresh=0&checkProxyData=0&ignoreRawTexts=0 HTTP/1.1" 200 None
10/07/2021 07:54:19 PM [INFO] Checking cache...
10/07/2021 07:54:19 PM [INFO] validating archived hash 638c05f6b306d68b1187cb3e5d942e662902f9242cf8d46bd2da40722cae77da
10/07/2021 07:54:19 PM [INFO] validating current hash 638c05f6b306d68b1187cb3e5d942e662902f9242cf8d46bd2da40722cae77da
10/07/2021 07:54:19 PM [INFO] Values are the identical from cache
10/07/2021 07:54:22 PM Starting new HTTPS connection (1): www.whoisxmlapi.com:443
10/07/2021 07:54:23 PM https://www.whoisxmlapi.com:443 "GET /whoisserver/WhoisService?apiKey=at_60Qke8D52PBcImwD9FqqiBJXZ7mkl&domainName=www.disorderstatus.ru&outputFormat=json&da=0&ip=0&ipWhois=0&thinWhois=0&preferFresh=0&checkProxyData=0&ignoreRawTexts=0 HTTP/1.1" 200 None
10/07/2021 07:54:23 PM [INFO] Checking cache...
10/07/2021 07:54:23 PM [INFO] validating archived hash b2e9572011b21a6abc10b9e55ab3e5d1a6f210545f66dc7e8375aaa6d72d91b4
10/07/2021 07:54:23 PM [INFO] validating current hash b2e9572011b21a6abc10b9e55ab3e5d1a6f210545f66dc7e8375aaa6d72d91b4
10/07/2021 07:54:23 PM [INFO] Values are the identical from cache
10/07/2021 07:54:25 PM Starting new HTTPS connection (1): www.whoisxmlapi.com:443
10/07/2021 07:54:26 PM https://www.whoisxmlapi.com:443 "GET /whoisserver/WhoisService?apiKey=at_60Qke8D52PBcImwD9FqqiBJXZ7mkl&domainName=www.hngleg.online&outputFormat=json&da=0&ip=0&ipWhois=0&thinWhois=0&preferFresh=0&checkProxyData=0&ignoreRawTexts=0 HTTP/1.1" 200 None
10/07/2021 07:54:26 PM [INFO] Checking cache...
10/07/2021 07:54:26 PM [INFO] validating archived hash de461287cac07f8f2c51f7785db55fde1f92b255ba8bb9850810465da8217ab0
10/07/2021 07:54:26 PM [INFO] validating current hash de461287cac07f8f2c51f7785db55fde1f92b255ba8bb9850810465da8217ab0
10/07/2021 07:54:26 PM [INFO] Values are the identical from cache
10/07/2021 07:54:29 PM Starting new HTTPS connection (1): www.whoisxmlapi.com:443
10/07/2021 07:54:30 PM https://www.whoisxmlapi.com:443 "GET /whoisserver/WhoisService?apiKey=at_60Qke8D52PBcImwD9FqqiBJXZ7mkl&domainName=www.cryptotradexinvest.com&outputFormat=json&da=0&ip=0&ipWhois=0&thinWhois=0&preferFresh=0&checkProxyData=0&ignoreRawTexts=0 HTTP/1.1" 200 None
10/07/2021 07:54:30 PM [INFO] Checking cache...
10/07/2021 07:54:30 PM [INFO] validating archived hash b1f65eec20f56cf75b74c49fc8baad7a5255a5acf1511d1e6c26d5b97e572a1f
10/07/2021 07:54:30 PM [INFO] validating current hash b1f65eec20f56cf75b74c49fc8baad7a5255a5acf1511d1e6c26d5b97e572a1f
10/07/2021 07:54:30 PM [INFO] Values are the identical from cache
10/07/2021 07:54:32 PM Starting new HTTPS connection (1): www.whoisxmlapi.com:443
10/07/2021 07:54:33 PM https://www.whoisxmlapi.com:443 "GET /whoisserver/WhoisService?apiKey=at_60Qke8D52PBcImwD9FqqiBJXZ7mkl&domainName=www.pionsecar.com&outputFormat=json&da=0&ip=0&ipWhois=0&thinWhois=0&preferFresh=0&checkProxyData=0&ignoreRawTexts=0 HTTP/1.1" 200 None
10/07/2021 07:54:33 PM [INFO] Checking cache...
10/07/2021 07:54:33 PM [INFO] validating archived hash a6a00e5cd3a056eaf5efc270f5ad12fe462c43ca845706d4cb2497b150225bbc
10/07/2021 07:54:33 PM [INFO] validating current hash a6a00e5cd3a056eaf5efc270f5ad12fe462c43ca845706d4cb2497b150225bbc
10/07/2021 07:54:33 PM [INFO] Values are the identical from cache
10/07/2021 07:54:36 PM Starting new HTTPS connection (1): www.whoisxmlapi.com:443
10/07/2021 07:54:36 PM https://www.whoisxmlapi.com:443 "GET /whoisserver/WhoisService?apiKey=at_60Qke8D52PBcImwD9FqqiBJXZ7mkl&domainName=www.garatinterbk.online&outputFormat=json&da=0&ip=0&ipWhois=0&thinWhois=0&preferFresh=0&checkProxyData=0&ignoreRawTexts=0 HTTP/1.1" 200 None
10/07/2021 07:54:36 PM [INFO] Checking cache...
10/07/2021 07:54:36 PM [INFO] validating archived hash e5773ec09b364801e99f864c9073ad65f968d6514000cc71acd50fe1eaba0828
10/07/2021 07:54:36 PM [INFO] validating current hash e5773ec09b364801e99f864c9073ad65f968d6514000cc71acd50fe1eaba0828
10/07/2021 07:54:36 PM [INFO] Values are the identical from cache
10/07/2021 08:04:39 PM Adding job tentatively -- it will be properly scheduled when the scheduler starts
10/07/2021 08:04:39 PM Added job "some_job" to job store "default"
10/07/2021 08:04:39 PM Scheduler started
10/07/2021 08:04:39 PM Looking for jobs to run
10/07/2021 08:04:39 PM Next wakeup is due at 2021-10-07 20:05:39.238290-06:00 (in 59.994006 seconds)
10/07/2021 08:05:39 PM Looking for jobs to run
10/07/2021 08:05:39 PM Running job "some_job (trigger: interval[0:01:00], next run at: 2021-10-07 20:05:39 CST)" (scheduled at 2021-10-07 20:05:39.238290-06:00)
10/07/2021 08:05:39 PM Next wakeup is due at 2021-10-07 20:06:39.238290-06:00 (in 59.988173 seconds)
10/07/2021 08:05:39 PM Job "some_job (trigger: interval[0:01:00], next run at: 2021-10-07 20:06:39 CST)" executed successfully
10/07/2021 08:07:16 PM Adding job tentatively -- it will be properly scheduled when the scheduler starts
10/07/2021 08:07:16 PM Added job "some_job" to job store "default"
10/07/2021 08:07:16 PM Scheduler started
10/07/2021 08:07:16 PM Looking for jobs to run
10/07/2021 08:07:16 PM Next wakeup is due at 2021-10-07 20:08:16.513316-06:00 (in 59.997999 seconds)
10/07/2021 08:08:16 PM Looking for jobs to run
10/07/2021 08:08:16 PM Running job "some_job (trigger: interval[0:01:00], next run at: 2021-10-07 20:08:16 CST)" (scheduled at 2021-10-07 20:08:16.513316-06:00)
10/07/2021 08:08:16 PM Next wakeup is due at 2021-10-07 20:09:16.513316-06:00 (in 59.988434 seconds)
10/07/2021 08:08:16 PM Job "some_job (trigger: interval[0:01:00], next run at: 2021-10-07 20:09:16 CST)" executed successfully
10/07/2021 08:09:16 PM Looking for jobs to run
10/07/2021 08:09:16 PM Next wakeup is due at 2021-10-07 20:10:16.513316-06:00 (in 59.979650 seconds)
10/07/2021 08:09:16 PM Running job "some_job (trigger: interval[0:01:00], next run at: 2021-10-07 20:10:16 CST)" (scheduled at 2021-10-07 20:09:16.513316-06:00)
10/07/2021 08:09:16 PM Job "some_job (trigger: interval[0:01:00], next run at: 2021-10-07 20:10:16 CST)" executed successfully
10/07/2021 08:10:16 PM Looking for jobs to run
10/07/2021 08:10:16 PM Next wakeup is due at 2021-10-07 20:11:16.513316-06:00 (in 59.990312 seconds)
10/07/2021 08:10:16 PM Running job "some_job (trigger: interval[0:01:00], next run at: 2021-10-07 20:11:16 CST)" (scheduled at 2021-10-07 20:10:16.513316-06:00)
10/07/2021 08:10:16 PM Job "some_job (trigger: interval[0:01:00], next run at: 2021-10-07 20:11:16 CST)" executed successfully
10/07/2021 08:11:16 PM Looking for jobs to run
10/07/2021 08:11:16 PM Next wakeup is due at 2021-10-07 20:12:16.513316-06:00 (in 59.993142 seconds)
10/07/2021 08:11:16 PM Running job "some_job (trigger: interval[0:01:00], next run at: 2021-10-07 20:12:16 CST)" (scheduled at 2021-10-07 20:11:16.513316-06:00)
10/07/2021 08:11:16 PM Job "some_job (trigger: interval[0:01:00], next run at: 2021-10-07 20:12:16 CST)" executed successfully
10/07/2021 08:12:16 PM Looking for jobs to run
10/07/2021 08:12:16 PM Next wakeup is due at 2021-10-07 20:13:16.513316-06:00 (in 59.989657 seconds)
10/07/2021 08:12:16 PM Running job "some_job (trigger: interval[0:01:00], next run at: 2021-10-07 20:13:16 CST)" (scheduled at 2021-10-07 20:12:16.513316-06:00)
10/07/2021 08:12:16 PM Job "some_job (trigger: interval[0:01:00], next run at: 2021-10-07 20:13:16 CST)" executed successfully
10/07/2021 08:13:16 PM Looking for jobs to run
10/07/2021 08:13:16 PM Next wakeup is due at 2021-10-07 20:14:16.513316-06:00 (in 59.983287 seconds)
10/07/2021 08:13:16 PM Running job "some_job (trigger: interval[0:01:00], next run at: 2021-10-07 20:14:16 CST)" (scheduled at 2021-10-07 20:13:16.513316-06:00)
10/07/2021 08:13:16 PM Job "some_job (trigger: interval[0:01:00], next run at: 2021-10-07 20:14:16 CST)" executed successfully
10/07/2021 08:14:16 PM Looking for jobs to run
10/07/2021 08:14:16 PM Next wakeup is due at 2021-10-07 20:15:16.513316-06:00 (in 59.997326 seconds)
10/07/2021 08:14:16 PM Running job "some_job (trigger: interval[0:01:00], next run at: 2021-10-07 20:15:16 CST)" (scheduled at 2021-10-07 20:14:16.513316-06:00)
10/07/2021 08:14:16 PM Job "some_job (trigger: interval[0:01:00], next run at: 2021-10-07 20:15:16 CST)" executed successfully
10/07/2021 08:15:16 PM Looking for jobs to run
10/07/2021 08:15:16 PM Next wakeup is due at 2021-10-07 20:16:16.513316-06:00 (in 59.983939 seconds)
10/07/2021 08:15:16 PM Running job "some_job (trigger: interval[0:01:00], next run at: 2021-10-07 20:16:16 CST)" (scheduled at 2021-10-07 20:15:16.513316-06:00)
10/07/2021 08:15:16 PM Job "some_job (trigger: interval[0:01:00], next run at: 2021-10-07 20:16:16 CST)" executed successfully
10/07/2021 08:16:16 PM Looking for jobs to run
10/07/2021 08:16:16 PM Next wakeup is due at 2021-10-07 20:17:16.513316-06:00 (in 59.987205 seconds)
10/07/2021 08:16:16 PM Running job "some_job (trigger: interval[0:01:00], next run at: 2021-10-07 20:17:16 CST)" (scheduled at 2021-10-07 20:16:16.513316-06:00)
10/07/2021 08:16:16 PM Job "some_job (trigger: interval[0:01:00], next run at: 2021-10-07 20:17:16 CST)" executed successfully
10/07/2021 08:17:16 PM Looking for jobs to run
10/07/2021 08:17:16 PM Next wakeup is due at 2021-10-07 20:18:16.513316-06:00 (in 59.986049 seconds)
10/07/2021 08:17:16 PM Running job "some_job (trigger: interval[0:01:00], next run at: 2021-10-07 20:18:16 CST)" (scheduled at 2021-10-07 20:17:16.513316-06:00)
10/07/2021 08:17:16 PM Job "some_job (trigger: interval[0:01:00], next run at: 2021-10-07 20:18:16 CST)" executed successfully
10/07/2021 08:18:16 PM Looking for jobs to run
10/07/2021 08:18:16 PM Next wakeup is due at 2021-10-07 20:19:16.513316-06:00 (in 59.981687 seconds)
10/07/2021 08:18:16 PM Running job "some_job (trigger: interval[0:01:00], next run at: 2021-10-07 20:19:16 CST)" (scheduled at 2021-10-07 20:18:16.513316-06:00)
10/07/2021 08:18:16 PM Job "some_job (trigger: interval[0:01:00], next run at: 2021-10-07 20:19:16 CST)" executed successfully
10/07/2021 08:19:16 PM Looking for jobs to run
10/07/2021 08:19:16 PM Next wakeup is due at 2021-10-07 20:20:16.513316-06:00 (in 59.997041 seconds)
10/07/2021 08:19:16 PM Running job "some_job (trigger: interval[0:01:00], next run at: 2021-10-07 20:20:16 CST)" (scheduled at 2021-10-07 20:19:16.513316-06:00)
10/07/2021 08:19:16 PM Job "some_job (trigger: interval[0:01:00], next run at: 2021-10-07 20:20:16 CST)" executed successfully
10/07/2021 09:15:05 PM Adding job tentatively -- it will be properly scheduled when the scheduler starts
10/07/2021 09:15:05 PM Added job "some_job" to job store "default"
10/07/2021 09:15:05 PM Scheduler started
10/07/2021 09:15:05 PM Looking for jobs to run
10/07/2021 09:15:05 PM Next wakeup is due at 2021-10-07 21:16:05.393882-06:00 (in 59.996999 seconds)
10/07/2021 09:16:05 PM Looking for jobs to run
10/07/2021 09:16:05 PM Running job "some_job (trigger: interval[0:01:00], next run at: 2021-10-07 21:16:05 CST)" (scheduled at 2021-10-07 21:16:05.393882-06:00)
10/07/2021 09:16:05 PM Next wakeup is due at 2021-10-07 21:17:05.393882-06:00 (in 59.995311 seconds)
10/07/2021 09:16:05 PM Job "some_job (trigger: interval[0:01:00], next run at: 2021-10-07 21:17:05 CST)" executed successfully
10/07/2021 09:17:05 PM Looking for jobs to run
10/07/2021 09:17:05 PM Next wakeup is due at 2021-10-07 21:18:05.393882-06:00 (in 59.996433 seconds)
10/07/2021 09:17:05 PM Running job "some_job (trigger: interval[0:01:00], next run at: 2021-10-07 21:18:05 CST)" (scheduled at 2021-10-07 21:17:05.393882-06:00)
10/07/2021 09:17:05 PM Job "some_job (trigger: interval[0:01:00], next run at: 2021-10-07 21:18:05 CST)" executed successfully
10/07/2021 09:40:36 PM [DEBUG] executed at2021-10-07 21:40:36.932797
10/07/2021 09:40:37 PM Adding job tentatively -- it will be properly scheduled when the scheduler starts
10/07/2021 09:40:37 PM Added job "some_job" to job store "default"
10/07/2021 09:40:37 PM Scheduler started
10/07/2021 09:40:37 PM Looking for jobs to run
10/07/2021 09:40:37 PM Next wakeup is due at 2021-10-07 21:41:37.084994-06:00 (in 59.999000 seconds)
10/07/2021 10:26:56 PM Starting new HTTPS connection (1): www.whoisxmlapi.com:443
10/07/2021 10:26:57 PM https://www.whoisxmlapi.com:443 "GET /whoisserver/WhoisService?apiKey=at_60Qke8D52PBcImwD9FqqiBJXZ7mkl&domainName=www.buildarat.com&outputFormat=json&da=0&ip=0&ipWhois=0&thinWhois=0&preferFresh=0&checkProxyData=0&ignoreRawTexts=0 HTTP/1.1" 200 None
10/07/2021 10:26:57 PM [INFO] Checking cache...
10/07/2021 10:26:57 PM [INFO] validating archived hash 638c05f6b306d68b1187cb3e5d942e662902f9242cf8d46bd2da40722cae77da
10/07/2021 10:26:57 PM [INFO] validating current hash 638c05f6b306d68b1187cb3e5d942e662902f9242cf8d46bd2da40722cae77da
10/07/2021 10:26:57 PM [INFO] Values are the identical from cache... this is good.
10/07/2021 10:27:00 PM Starting new HTTPS connection (1): www.whoisxmlapi.com:443
10/07/2021 10:27:01 PM https://www.whoisxmlapi.com:443 "GET /whoisserver/WhoisService?apiKey=at_60Qke8D52PBcImwD9FqqiBJXZ7mkl&domainName=www.disorderstatus.ru&outputFormat=json&da=0&ip=0&ipWhois=0&thinWhois=0&preferFresh=0&checkProxyData=0&ignoreRawTexts=0 HTTP/1.1" 200 None
10/07/2021 10:27:01 PM [INFO] Checking cache...
10/07/2021 10:27:01 PM [INFO] validating archived hash b2e9572011b21a6abc10b9e55ab3e5d1a6f210545f66dc7e8375aaa6d72d91b4
10/07/2021 10:27:01 PM [INFO] validating current hash b2e9572011b21a6abc10b9e55ab3e5d1a6f210545f66dc7e8375aaa6d72d91b4
10/07/2021 10:27:01 PM [INFO] Values are the identical from cache... this is good.
10/07/2021 10:27:03 PM Starting new HTTPS connection (1): www.whoisxmlapi.com:443
10/07/2021 10:27:04 PM https://www.whoisxmlapi.com:443 "GET /whoisserver/WhoisService?apiKey=at_60Qke8D52PBcImwD9FqqiBJXZ7mkl&domainName=www.hngleg.online&outputFormat=json&da=0&ip=0&ipWhois=0&thinWhois=0&preferFresh=0&checkProxyData=0&ignoreRawTexts=0 HTTP/1.1" 200 None
10/07/2021 10:27:04 PM [INFO] Checking cache...
10/07/2021 10:27:04 PM [INFO] validating archived hash de461287cac07f8f2c51f7785db55fde1f92b255ba8bb9850810465da8217ab0
10/07/2021 10:27:04 PM [INFO] validating current hash de461287cac07f8f2c51f7785db55fde1f92b255ba8bb9850810465da8217ab0
10/07/2021 10:27:04 PM [INFO] Values are the identical from cache... this is good.
10/07/2021 10:27:07 PM Starting new HTTPS connection (1): www.whoisxmlapi.com:443
10/07/2021 10:27:08 PM https://www.whoisxmlapi.com:443 "GET /whoisserver/WhoisService?apiKey=at_60Qke8D52PBcImwD9FqqiBJXZ7mkl&domainName=www.cryptotradexinvest.com&outputFormat=json&da=0&ip=0&ipWhois=0&thinWhois=0&preferFresh=0&checkProxyData=0&ignoreRawTexts=0 HTTP/1.1" 200 None
10/07/2021 10:27:08 PM [INFO] Checking cache...
10/07/2021 10:27:08 PM [INFO] validating archived hash b1f65eec20f56cf75b74c49fc8baad7a5255a5acf1511d1e6c26d5b97e572a1f
10/07/2021 10:27:08 PM [INFO] validating current hash b1f65eec20f56cf75b74c49fc8baad7a5255a5acf1511d1e6c26d5b97e572a1f
10/07/2021 10:27:08 PM [INFO] Values are the identical from cache... this is good.
10/07/2021 10:27:10 PM Starting new HTTPS connection (1): www.whoisxmlapi.com:443
10/07/2021 10:27:11 PM https://www.whoisxmlapi.com:443 "GET /whoisserver/WhoisService?apiKey=at_60Qke8D52PBcImwD9FqqiBJXZ7mkl&domainName=www.pionsecar.com&outputFormat=json&da=0&ip=0&ipWhois=0&thinWhois=0&preferFresh=0&checkProxyData=0&ignoreRawTexts=0 HTTP/1.1" 200 None
10/07/2021 10:27:11 PM [INFO] Checking cache...
10/07/2021 10:27:11 PM [INFO] validating archived hash a6a00e5cd3a056eaf5efc270f5ad12fe462c43ca845706d4cb2497b150225bbc
10/07/2021 10:27:11 PM [INFO] validating current hash a6a00e5cd3a056eaf5efc270f5ad12fe462c43ca845706d4cb2497b150225bbc
10/07/2021 10:27:11 PM [INFO] Values are the identical from cache... this is good.
10/07/2021 10:27:14 PM Starting new HTTPS connection (1): www.whoisxmlapi.com:443
10/07/2021 10:27:14 PM https://www.whoisxmlapi.com:443 "GET /whoisserver/WhoisService?apiKey=at_60Qke8D52PBcImwD9FqqiBJXZ7mkl&domainName=www.garatinterbk.online&outputFormat=json&da=0&ip=0&ipWhois=0&thinWhois=0&preferFresh=0&checkProxyData=0&ignoreRawTexts=0 HTTP/1.1" 200 None
10/07/2021 10:27:14 PM [INFO] Checking cache...
10/07/2021 10:27:14 PM [INFO] validating archived hash e5773ec09b364801e99f864c9073ad65f968d6514000cc71acd50fe1eaba0828
10/07/2021 10:27:14 PM [INFO] validating current hash e5773ec09b364801e99f864c9073ad65f968d6514000cc71acd50fe1eaba0828
10/07/2021 10:27:14 PM [INFO] Values are the identical from cache... this is good.10/07/2021 10:33:10 PM Starting new HTTPS connection (1): www.whoisxmlapi.com:443
10/07/2021 10:33:56 PM Starting new HTTPS connection (1): www.whoisxmlapi.com:443
10/07/2021 10:33:56 PM https://www.whoisxmlapi.com:443 "GET /whoisserver/WhoisService?apiKey=at_60Qke8D52PBcImwD9FqqiBJXZ7mkl&domainName=www.buildarat.com&outputFormat=json&da=0&ip=0&ipWhois=0&thinWhois=0&preferFresh=0&checkProxyData=0&ignoreRawTexts=0 HTTP/1.1" 200 None
10/07/2021 10:33:56 PM [INFO] Checking cache...
10/07/2021 10:33:56 PM [INFO] validating archived hash 638c05f6b306d68b1187cb3e5d942e662902f9242cf8d46bd2da40722cae77da
10/07/2021 10:33:56 PM [INFO] validating current hash 638c05f6b306d68b1187cb3e5d942e662902f9242cf8d46bd2da40722cae77da
10/07/2021 10:33:56 PM [INFO] Values are the identical from cache... this is good.
10/07/2021 10:33:59 PM Starting new HTTPS connection (1): www.whoisxmlapi.com:443
10/07/2021 10:34:00 PM https://www.whoisxmlapi.com:443 "GET /whoisserver/WhoisService?apiKey=at_60Qke8D52PBcImwD9FqqiBJXZ7mkl&domainName=www.disorderstatus.ru&outputFormat=json&da=0&ip=0&ipWhois=0&thinWhois=0&preferFresh=0&checkProxyData=0&ignoreRawTexts=0 HTTP/1.1" 200 None
10/07/2021 10:34:00 PM [INFO] Checking cache...
10/07/2021 10:34:00 PM [INFO] validating archived hash b2e9572011b21a6abc10b9e55ab3e5d1a6f210545f66dc7e8375aaa6d72d91b4
10/07/2021 10:34:00 PM [INFO] validating current hash b2e9572011b21a6abc10b9e55ab3e5d1a6f210545f66dc7e8375aaa6d72d91b4
10/07/2021 10:34:00 PM [INFO] Values are the identical from cache... this is good.
10/07/2021 10:39:38 PM [DEBUG] doing first do_rpc(call)
10/07/2021 10:39:38 PM Starting new HTTPS connection (1): www.whoisxmlapi.com:443
10/07/2021 10:39:38 PM https://www.whoisxmlapi.com:443 "GET /whoisserver/WhoisService?apiKey=at_60Qke8D52PBcImwD9FqqiBJXZ7mkl&domainName=www.buildarat.com&outputFormat=json&da=0&ip=0&ipWhois=0&thinWhois=0&preferFresh=0&checkProxyData=0&ignoreRawTexts=0 HTTP/1.1" 200 None
10/07/2021 10:39:38 PM [INFO] Checking cache...
10/07/2021 10:39:38 PM [INFO] validating archived hash 638c05f6b306d68b1187cb3e5d942e662902f9242cf8d46bd2da40722cae77da
10/07/2021 10:39:38 PM [INFO] validating current hash 638c05f6b306d68b1187cb3e5d942e662902f9242cf8d46bd2da40722cae77da
10/07/2021 10:39:38 PM [INFO] Values are the identical from cache... this is good.
10/07/2021 10:39:41 PM Starting new HTTPS connection (1): www.whoisxmlapi.com:443
10/07/2021 10:39:42 PM https://www.whoisxmlapi.com:443 "GET /whoisserver/WhoisService?apiKey=at_60Qke8D52PBcImwD9FqqiBJXZ7mkl&domainName=www.disorderstatus.ru&outputFormat=json&da=0&ip=0&ipWhois=0&thinWhois=0&preferFresh=0&checkProxyData=0&ignoreRawTexts=0 HTTP/1.1" 200 None
10/07/2021 10:39:42 PM [INFO] Checking cache...
10/07/2021 10:39:42 PM [INFO] validating archived hash b2e9572011b21a6abc10b9e55ab3e5d1a6f210545f66dc7e8375aaa6d72d91b4
10/07/2021 10:39:42 PM [INFO] validating current hash b2e9572011b21a6abc10b9e55ab3e5d1a6f210545f66dc7e8375aaa6d72d91b4
10/07/2021 10:39:42 PM [INFO] Values are the identical from cache... this is good.
10/07/2021 10:39:44 PM Starting new HTTPS connection (1): www.whoisxmlapi.com:443
10/07/2021 10:39:46 PM https://www.whoisxmlapi.com:443 "GET /whoisserver/WhoisService?apiKey=at_60Qke8D52PBcImwD9FqqiBJXZ7mkl&domainName=www.hngleg.online&outputFormat=json&da=0&ip=0&ipWhois=0&thinWhois=0&preferFresh=0&checkProxyData=0&ignoreRawTexts=0 HTTP/1.1" 200 None
10/07/2021 10:39:46 PM [INFO] Checking cache...
10/07/2021 10:39:46 PM [INFO] validating archived hash de461287cac07f8f2c51f7785db55fde1f92b255ba8bb9850810465da8217ab0
10/07/2021 10:39:46 PM [INFO] validating current hash de461287cac07f8f2c51f7785db55fde1f92b255ba8bb9850810465da8217ab0
10/07/2021 10:39:46 PM [INFO] Values are the identical from cache... this is good.
10/07/2021 10:39:48 PM Starting new HTTPS connection (1): www.whoisxmlapi.com:443
10/07/2021 10:39:49 PM https://www.whoisxmlapi.com:443 "GET /whoisserver/WhoisService?apiKey=at_60Qke8D52PBcImwD9FqqiBJXZ7mkl&domainName=www.cryptotradexinvest.com&outputFormat=json&da=0&ip=0&ipWhois=0&thinWhois=0&preferFresh=0&checkProxyData=0&ignoreRawTexts=0 HTTP/1.1" 200 None
10/07/2021 10:39:49 PM [INFO] Checking cache...
10/07/2021 10:39:49 PM [INFO] validating archived hash b1f65eec20f56cf75b74c49fc8baad7a5255a5acf1511d1e6c26d5b97e572a1f
10/07/2021 10:39:49 PM [INFO] validating current hash b1f65eec20f56cf75b74c49fc8baad7a5255a5acf1511d1e6c26d5b97e572a1f
10/07/2021 10:39:49 PM [INFO] Values are the identical from cache... this is good.
10/07/2021 10:39:52 PM Starting new HTTPS connection (1): www.whoisxmlapi.com:443
10/07/2021 10:39:52 PM https://www.whoisxmlapi.com:443 "GET /whoisserver/WhoisService?apiKey=at_60Qke8D52PBcImwD9FqqiBJXZ7mkl&domainName=www.pionsecar.com&outputFormat=json&da=0&ip=0&ipWhois=0&thinWhois=0&preferFresh=0&checkProxyData=0&ignoreRawTexts=0 HTTP/1.1" 200 None
10/07/2021 10:39:52 PM [INFO] Checking cache...
10/07/2021 10:39:52 PM [INFO] validating archived hash a6a00e5cd3a056eaf5efc270f5ad12fe462c43ca845706d4cb2497b150225bbc
10/07/2021 10:39:52 PM [INFO] validating current hash a6a00e5cd3a056eaf5efc270f5ad12fe462c43ca845706d4cb2497b150225bbc
10/07/2021 10:39:52 PM [INFO] Values are the identical from cache... this is good.
10/07/2021 10:39:55 PM Starting new HTTPS connection (1): www.whoisxmlapi.com:443
10/07/2021 10:39:55 PM https://www.whoisxmlapi.com:443 "GET /whoisserver/WhoisService?apiKey=at_60Qke8D52PBcImwD9FqqiBJXZ7mkl&domainName=www.garatinterbk.online&outputFormat=json&da=0&ip=0&ipWhois=0&thinWhois=0&preferFresh=0&checkProxyData=0&ignoreRawTexts=0 HTTP/1.1" 200 None
10/07/2021 10:39:55 PM [INFO] Checking cache...
10/07/2021 10:39:55 PM [INFO] validating archived hash e5773ec09b364801e99f864c9073ad65f968d6514000cc71acd50fe1eaba0828
10/07/2021 10:39:55 PM [INFO] validating current hash e5773ec09b364801e99f864c9073ad65f968d6514000cc71acd50fe1eaba0828
10/07/2021 10:39:55 PM [INFO] Values are the identical from cache... this is good.
10/07/2021 10:39:58 PM Starting new HTTPS connection (1): www.whoisxmlapi.com:443
10/07/2021 10:39:59 PM https://www.whoisxmlapi.com:443 "GET /whoisserver/WhoisService?apiKey=at_60Qke8D52PBcImwD9FqqiBJXZ7mkl&domainName=www.buildarat.com&outputFormat=json&da=0&ip=0&ipWhois=0&thinWhois=0&preferFresh=0&checkProxyData=0&ignoreRawTexts=0 HTTP/1.1" 200 None
10/07/2021 10:39:59 PM [INFO] Checking cache...
10/07/2021 10:39:59 PM [INFO] validating archived hash 638c05f6b306d68b1187cb3e5d942e662902f9242cf8d46bd2da40722cae77da
10/07/2021 10:39:59 PM [INFO] validating current hash 638c05f6b306d68b1187cb3e5d942e662902f9242cf8d46bd2da40722cae77da
10/07/2021 10:39:59 PM [INFO] Values are the identical from cache... this is good.
10/07/2021 10:40:01 PM Starting new HTTPS connection (1): www.whoisxmlapi.com:443
10/07/2021 10:40:02 PM https://www.whoisxmlapi.com:443 "GET /whoisserver/WhoisService?apiKey=at_60Qke8D52PBcImwD9FqqiBJXZ7mkl&domainName=www.disorderstatus.ru&outputFormat=json&da=0&ip=0&ipWhois=0&thinWhois=0&preferFresh=0&checkProxyData=0&ignoreRawTexts=0 HTTP/1.1" 200 None
10/07/2021 10:40:02 PM [INFO] Checking cache...
10/07/2021 10:40:02 PM [INFO] validating archived hash b2e9572011b21a6abc10b9e55ab3e5d1a6f210545f66dc7e8375aaa6d72d91b4
10/07/2021 10:40:02 PM [INFO] validating current hash b2e9572011b21a6abc10b9e55ab3e5d1a6f210545f66dc7e8375aaa6d72d91b4
10/07/2021 10:40:02 PM [INFO] Values are the identical from cache... this is good.
10/07/2021 10:40:04 PM Starting new HTTPS connection (1): www.whoisxmlapi.com:443
10/07/2021 10:40:06 PM https://www.whoisxmlapi.com:443 "GET /whoisserver/WhoisService?apiKey=at_60Qke8D52PBcImwD9FqqiBJXZ7mkl&domainName=www.hngleg.online&outputFormat=json&da=0&ip=0&ipWhois=0&thinWhois=0&preferFresh=0&checkProxyData=0&ignoreRawTexts=0 HTTP/1.1" 200 None
10/07/2021 10:40:06 PM [INFO] Checking cache...
10/07/2021 10:40:06 PM [INFO] validating archived hash de461287cac07f8f2c51f7785db55fde1f92b255ba8bb9850810465da8217ab0
10/07/2021 10:40:06 PM [INFO] validating current hash de461287cac07f8f2c51f7785db55fde1f92b255ba8bb9850810465da8217ab0
10/07/2021 10:40:06 PM [INFO] Values are the identical from cache... this is good.
10/07/2021 10:40:09 PM Starting new HTTPS connection (1): www.whoisxmlapi.com:443
10/07/2021 10:40:09 PM https://www.whoisxmlapi.com:443 "GET /whoisserver/WhoisService?apiKey=at_60Qke8D52PBcImwD9FqqiBJXZ7mkl&domainName=www.cryptotradexinvest.com&outputFormat=json&da=0&ip=0&ipWhois=0&thinWhois=0&preferFresh=0&checkProxyData=0&ignoreRawTexts=0 HTTP/1.1" 200 None
10/07/2021 10:40:09 PM [INFO] Checking cache...
10/07/2021 10:40:09 PM [INFO] validating archived hash b1f65eec20f56cf75b74c49fc8baad7a5255a5acf1511d1e6c26d5b97e572a1f
10/07/2021 10:40:09 PM [INFO] validating current hash b1f65eec20f56cf75b74c49fc8baad7a5255a5acf1511d1e6c26d5b97e572a1f
10/07/2021 10:40:09 PM [INFO] Values are the identical from cache... this is good.
10/07/2021 10:40:12 PM Starting new HTTPS connection (1): www.whoisxmlapi.com:443
10/07/2021 10:40:13 PM https://www.whoisxmlapi.com:443 "GET /whoisserver/WhoisService?apiKey=at_60Qke8D52PBcImwD9FqqiBJXZ7mkl&domainName=www.pionsecar.com&outputFormat=json&da=0&ip=0&ipWhois=0&thinWhois=0&preferFresh=0&checkProxyData=0&ignoreRawTexts=0 HTTP/1.1" 200 None
10/07/2021 10:40:13 PM [INFO] Checking cache...
10/07/2021 10:40:13 PM [INFO] validating archived hash a6a00e5cd3a056eaf5efc270f5ad12fe462c43ca845706d4cb2497b150225bbc
10/07/2021 10:40:13 PM [INFO] validating current hash a6a00e5cd3a056eaf5efc270f5ad12fe462c43ca845706d4cb2497b150225bbc
10/07/2021 10:40:13 PM [INFO] Values are the identical from cache... this is good.
10/07/2021 10:41:35 PM [DEBUG] doing first do_rpc
10/07/2021 10:41:35 PM Starting new HTTPS connection (1): www.whoisxmlapi.com:443
10/07/2021 10:41:36 PM https://www.whoisxmlapi.com:443 "GET /whoisserver/WhoisService?apiKey=at_60Qke8D52PBcImwD9FqqiBJXZ7mkl&domainName=www.buildarat.com&outputFormat=json&da=0&ip=0&ipWhois=0&thinWhois=0&preferFresh=0&checkProxyData=0&ignoreRawTexts=0 HTTP/1.1" 200 None
10/07/2021 10:41:36 PM [INFO] Checking cache...
10/07/2021 10:41:36 PM [INFO] validating archived hash 638c05f6b306d68b1187cb3e5d942e662902f9242cf8d46bd2da40722cae77da
10/07/2021 10:41:36 PM [INFO] validating current hash 638c05f6b306d68b1187cb3e5d942e662902f9242cf8d46bd2da40722cae77da
10/07/2021 10:41:36 PM [INFO] Values are the identical from cache... this is good.
10/07/2021 10:41:38 PM Starting new HTTPS connection (1): www.whoisxmlapi.com:443
10/07/2021 10:41:39 PM https://www.whoisxmlapi.com:443 "GET /whoisserver/WhoisService?apiKey=at_60Qke8D52PBcImwD9FqqiBJXZ7mkl&domainName=www.disorderstatus.ru&outputFormat=json&da=0&ip=0&ipWhois=0&thinWhois=0&preferFresh=0&checkProxyData=0&ignoreRawTexts=0 HTTP/1.1" 200 None
10/07/2021 10:41:39 PM [INFO] Checking cache...
10/07/2021 10:41:39 PM [INFO] validating archived hash b2e9572011b21a6abc10b9e55ab3e5d1a6f210545f66dc7e8375aaa6d72d91b4
10/07/2021 10:41:39 PM [INFO] validating current hash b2e9572011b21a6abc10b9e55ab3e5d1a6f210545f66dc7e8375aaa6d72d91b4
10/07/2021 10:41:39 PM [INFO] Values are the identical from cache... this is good.
10/07/2021 10:41:42 PM Starting new HTTPS connection (1): www.whoisxmlapi.com:443
10/07/2021 10:41:43 PM https://www.whoisxmlapi.com:443 "GET /whoisserver/WhoisService?apiKey=at_60Qke8D52PBcImwD9FqqiBJXZ7mkl&domainName=www.hngleg.online&outputFormat=json&da=0&ip=0&ipWhois=0&thinWhois=0&preferFresh=0&checkProxyData=0&ignoreRawTexts=0 HTTP/1.1" 200 None
10/07/2021 10:41:43 PM [INFO] Checking cache...
10/07/2021 10:41:43 PM [INFO] validating archived hash de461287cac07f8f2c51f7785db55fde1f92b255ba8bb9850810465da8217ab0
10/07/2021 10:41:43 PM [INFO] validating current hash de461287cac07f8f2c51f7785db55fde1f92b255ba8bb9850810465da8217ab0
10/07/2021 10:41:43 PM [INFO] Values are the identical from cache... this is good.
10/07/2021 10:41:46 PM Starting new HTTPS connection (1): www.whoisxmlapi.com:443
10/07/2021 10:41:47 PM https://www.whoisxmlapi.com:443 "GET /whoisserver/WhoisService?apiKey=at_60Qke8D52PBcImwD9FqqiBJXZ7mkl&domainName=www.cryptotradexinvest.com&outputFormat=json&da=0&ip=0&ipWhois=0&thinWhois=0&preferFresh=0&checkProxyData=0&ignoreRawTexts=0 HTTP/1.1" 200 None
10/07/2021 10:41:47 PM [INFO] Checking cache...
10/07/2021 10:41:47 PM [INFO] validating archived hash b1f65eec20f56cf75b74c49fc8baad7a5255a5acf1511d1e6c26d5b97e572a1f
10/07/2021 10:41:47 PM [INFO] validating current hash b1f65eec20f56cf75b74c49fc8baad7a5255a5acf1511d1e6c26d5b97e572a1f
10/07/2021 10:41:47 PM [INFO] Values are the identical from cache... this is good.
10/07/2021 10:41:50 PM Starting new HTTPS connection (1): www.whoisxmlapi.com:443
10/07/2021 10:41:50 PM https://www.whoisxmlapi.com:443 "GET /whoisserver/WhoisService?apiKey=at_60Qke8D52PBcImwD9FqqiBJXZ7mkl&domainName=www.pionsecar.com&outputFormat=json&da=0&ip=0&ipWhois=0&thinWhois=0&preferFresh=0&checkProxyData=0&ignoreRawTexts=0 HTTP/1.1" 200 None
10/07/2021 10:41:50 PM [INFO] Checking cache...
10/07/2021 10:41:50 PM [INFO] validating archived hash a6a00e5cd3a056eaf5efc270f5ad12fe462c43ca845706d4cb2497b150225bbc
10/07/2021 10:41:50 PM [INFO] validating current hash a6a00e5cd3a056eaf5efc270f5ad12fe462c43ca845706d4cb2497b150225bbc
10/07/2021 10:41:50 PM [INFO] Values are the identical from cache... this is good.
10/07/2021 10:41:53 PM Starting new HTTPS connection (1): www.whoisxmlapi.com:443
10/07/2021 10:41:53 PM https://www.whoisxmlapi.com:443 "GET /whoisserver/WhoisService?apiKey=at_60Qke8D52PBcImwD9FqqiBJXZ7mkl&domainName=www.garatinterbk.online&outputFormat=json&da=0&ip=0&ipWhois=0&thinWhois=0&preferFresh=0&checkProxyData=0&ignoreRawTexts=0 HTTP/1.1" 200 None
10/07/2021 10:41:53 PM [INFO] Checking cache...
10/07/2021 10:41:53 PM [INFO] validating archived hash e5773ec09b364801e99f864c9073ad65f968d6514000cc71acd50fe1eaba0828
10/07/2021 10:41:53 PM [INFO] validating current hash e5773ec09b364801e99f864c9073ad65f968d6514000cc71acd50fe1eaba0828
10/07/2021 10:41:53 PM [INFO] Values are the identical from cache... this is good.
10/07/2021 10:41:56 PM Starting new HTTPS connection (1): www.whoisxmlapi.com:443
10/07/2021 10:41:57 PM https://www.whoisxmlapi.com:443 "GET /whoisserver/WhoisService?apiKey=at_60Qke8D52PBcImwD9FqqiBJXZ7mkl&domainName=www.buildarat.com&outputFormat=json&da=0&ip=0&ipWhois=0&thinWhois=0&preferFresh=0&checkProxyData=0&ignoreRawTexts=0 HTTP/1.1" 200 None
10/07/2021 10:41:57 PM [INFO] Checking cache...
10/07/2021 10:41:57 PM [INFO] validating archived hash 638c05f6b306d68b1187cb3e5d942e662902f9242cf8d46bd2da40722cae77da
10/07/2021 10:41:57 PM [INFO] validating current hash 638c05f6b306d68b1187cb3e5d942e662902f9242cf8d46bd2da40722cae77da
10/07/2021 10:41:57 PM [INFO] Values are the identical from cache... this is good.
10/07/2021 10:42:00 PM Starting new HTTPS connection (1): www.whoisxmlapi.com:443
10/07/2021 10:42:00 PM https://www.whoisxmlapi.com:443 "GET /whoisserver/WhoisService?apiKey=at_60Qke8D52PBcImwD9FqqiBJXZ7mkl&domainName=www.disorderstatus.ru&outputFormat=json&da=0&ip=0&ipWhois=0&thinWhois=0&preferFresh=0&checkProxyData=0&ignoreRawTexts=0 HTTP/1.1" 200 None
10/07/2021 10:42:00 PM [INFO] Checking cache...
10/07/2021 10:42:00 PM [INFO] validating archived hash b2e9572011b21a6abc10b9e55ab3e5d1a6f210545f66dc7e8375aaa6d72d91b4
10/07/2021 10:42:00 PM [INFO] validating current hash b2e9572011b21a6abc10b9e55ab3e5d1a6f210545f66dc7e8375aaa6d72d91b4
10/07/2021 10:42:00 PM [INFO] Values are the identical from cache... this is good.
